Analysis & Synthesis report for main
Mon Nov 20 15:15:31 2017
Quartus Prime Version 17.0.0 Build 595 04/25/2017 SJ Lite Edition


---------------------
; Table of Contents ;
---------------------
  1. Legal Notice
  2. Analysis & Synthesis Summary
  3. Analysis & Synthesis Settings
  4. Parallel Compilation
  5. Analysis & Synthesis Source Files Read
  6. Analysis & Synthesis Resource Usage Summary
  7. Analysis & Synthesis Resource Utilization by Entity
  8. State Machine - |main|lcd_printer:LP|lcd_controller:dut|state
  9. State Machine - |main|lcd_printer:LP|lcd_controller:dut|current_state
 10. State Machine - |main|controller:CT|current_state
 11. User-Specified and Inferred Latches
 12. Registers Removed During Synthesis
 13. Removed Registers Triggering Further Register Optimizations
 14. General Register Statistics
 15. Inverted Register Statistics
 16. Multiplexer Restructuring Statistics (Restructuring Performed)
 17. Port Connectivity Checks: "lcd_printer:LP|lcd_controller:dut"
 18. Port Connectivity Checks: "lcd_printer:LP"
 19. Port Connectivity Checks: "datapath:DP"
 20. Post-Synthesis Netlist Statistics for Top Partition
 21. Elapsed Time Per Partition
 22. Analysis & Synthesis Messages



----------------
; Legal Notice ;
----------------
Copyright (C) 2017  Intel Corporation. All rights reserved.
Your use of Intel Corporation's design tools, logic functions 
and other software and tools, and its AMPP partner logic 
functions, and any output files from any of the foregoing 
(including device programming or simulation files), and any 
associated documentation or information are expressly subject 
to the terms and conditions of the Intel Program License 
Subscription Agreement, the Intel Quartus Prime License Agreement,
the Intel MegaCore Function License Agreement, or other 
applicable license agreement, including, without limitation, 
that your use is for the sole purpose of programming logic 
devices manufactured by Intel and sold by Intel or its 
authorized distributors.  Please refer to the applicable 
agreement for further details.



+----------------------------------------------------------------------------------+
; Analysis & Synthesis Summary                                                     ;
+------------------------------------+---------------------------------------------+
; Analysis & Synthesis Status        ; Successful - Mon Nov 20 15:15:31 2017       ;
; Quartus Prime Version              ; 17.0.0 Build 595 04/25/2017 SJ Lite Edition ;
; Revision Name                      ; main                                        ;
; Top-level Entity Name              ; main                                        ;
; Family                             ; Cyclone IV E                                ;
; Total logic elements               ; 314                                         ;
;     Total combinational functions  ; 310                                         ;
;     Dedicated logic registers      ; 87                                          ;
; Total registers                    ; 87                                          ;
; Total pins                         ; 104                                         ;
; Total virtual pins                 ; 0                                           ;
; Total memory bits                  ; 0                                           ;
; Embedded Multiplier 9-bit elements ; 0                                           ;
; Total PLLs                         ; 0                                           ;
+------------------------------------+---------------------------------------------+


+----------------------------------------------------------------------------------------------------------------------+
; Analysis & Synthesis Settings                                                                                        ;
+----------------------------------------------------------------------------+--------------------+--------------------+
; Option                                                                     ; Setting            ; Default Value      ;
+----------------------------------------------------------------------------+--------------------+--------------------+
; Device                                                                     ; EP4CE115F29C7      ;                    ;
; Top-level entity name                                                      ; main               ; main               ;
; Family name                                                                ; Cyclone IV E       ; Cyclone V          ;
; Use smart compilation                                                      ; Off                ; Off                ;
; Enable parallel Assembler and TimeQuest Timing Analyzer during compilation ; On                 ; On                 ;
; Enable compact report table                                                ; Off                ; Off                ;
; Restructure Multiplexers                                                   ; Auto               ; Auto               ;
; Create Debugging Nodes for IP Cores                                        ; Off                ; Off                ;
; Preserve fewer node names                                                  ; On                 ; On                 ;
; OpenCore Plus hardware evaluation                                          ; Enable             ; Enable             ;
; Verilog Version                                                            ; Verilog_2001       ; Verilog_2001       ;
; VHDL Version                                                               ; VHDL_1993          ; VHDL_1993          ;
; State Machine Processing                                                   ; Auto               ; Auto               ;
; Safe State Machine                                                         ; Off                ; Off                ;
; Extract Verilog State Machines                                             ; On                 ; On                 ;
; Extract VHDL State Machines                                                ; On                 ; On                 ;
; Ignore Verilog initial constructs                                          ; Off                ; Off                ;
; Iteration limit for constant Verilog loops                                 ; 5000               ; 5000               ;
; Iteration limit for non-constant Verilog loops                             ; 250                ; 250                ;
; Add Pass-Through Logic to Inferred RAMs                                    ; On                 ; On                 ;
; Infer RAMs from Raw Logic                                                  ; On                 ; On                 ;
; Parallel Synthesis                                                         ; On                 ; On                 ;
; DSP Block Balancing                                                        ; Auto               ; Auto               ;
; NOT Gate Push-Back                                                         ; On                 ; On                 ;
; Power-Up Don't Care                                                        ; On                 ; On                 ;
; Remove Redundant Logic Cells                                               ; Off                ; Off                ;
; Remove Duplicate Registers                                                 ; On                 ; On                 ;
; Ignore CARRY Buffers                                                       ; Off                ; Off                ;
; Ignore CASCADE Buffers                                                     ; Off                ; Off                ;
; Ignore GLOBAL Buffers                                                      ; Off                ; Off                ;
; Ignore ROW GLOBAL Buffers                                                  ; Off                ; Off                ;
; Ignore LCELL Buffers                                                       ; Off                ; Off                ;
; Ignore SOFT Buffers                                                        ; On                 ; On                 ;
; Limit AHDL Integers to 32 Bits                                             ; Off                ; Off                ;
; Optimization Technique                                                     ; Balanced           ; Balanced           ;
; Carry Chain Length                                                         ; 70                 ; 70                 ;
; Auto Carry Chains                                                          ; On                 ; On                 ;
; Auto Open-Drain Pins                                                       ; On                 ; On                 ;
; Perform WYSIWYG Primitive Resynthesis                                      ; Off                ; Off                ;
; Auto ROM Replacement                                                       ; On                 ; On                 ;
; Auto RAM Replacement                                                       ; On                 ; On                 ;
; Auto DSP Block Replacement                                                 ; On                 ; On                 ;
; Auto Shift Register Replacement                                            ; Auto               ; Auto               ;
; Allow Shift Register Merging across Hierarchies                            ; Auto               ; Auto               ;
; Auto Clock Enable Replacement                                              ; On                 ; On                 ;
; Strict RAM Replacement                                                     ; Off                ; Off                ;
; Allow Synchronous Control Signals                                          ; On                 ; On                 ;
; Force Use of Synchronous Clear Signals                                     ; Off                ; Off                ;
; Auto RAM Block Balancing                                                   ; On                 ; On                 ;
; Auto RAM to Logic Cell Conversion                                          ; Off                ; Off                ;
; Auto Resource Sharing                                                      ; Off                ; Off                ;
; Allow Any RAM Size For Recognition                                         ; Off                ; Off                ;
; Allow Any ROM Size For Recognition                                         ; Off                ; Off                ;
; Allow Any Shift Register Size For Recognition                              ; Off                ; Off                ;
; Use LogicLock Constraints during Resource Balancing                        ; On                 ; On                 ;
; Ignore translate_off and synthesis_off directives                          ; Off                ; Off                ;
; Timing-Driven Synthesis                                                    ; On                 ; On                 ;
; Report Parameter Settings                                                  ; On                 ; On                 ;
; Report Source Assignments                                                  ; On                 ; On                 ;
; Report Connectivity Checks                                                 ; On                 ; On                 ;
; Ignore Maximum Fan-Out Assignments                                         ; Off                ; Off                ;
; Synchronization Register Chain Length                                      ; 2                  ; 2                  ;
; PowerPlay Power Optimization During Synthesis                              ; Normal compilation ; Normal compilation ;
; HDL message level                                                          ; Level2             ; Level2             ;
; Suppress Register Optimization Related Messages                            ; Off                ; Off                ;
; Number of Removed Registers Reported in Synthesis Report                   ; 5000               ; 5000               ;
; Number of Swept Nodes Reported in Synthesis Report                         ; 5000               ; 5000               ;
; Number of Inverted Registers Reported in Synthesis Report                  ; 100                ; 100                ;
; Clock MUX Protection                                                       ; On                 ; On                 ;
; Auto Gated Clock Conversion                                                ; Off                ; Off                ;
; Block Design Naming                                                        ; Auto               ; Auto               ;
; SDC constraint protection                                                  ; Off                ; Off                ;
; Synthesis Effort                                                           ; Auto               ; Auto               ;
; Shift Register Replacement - Allow Asynchronous Clear Signal               ; On                 ; On                 ;
; Pre-Mapping Resynthesis Optimization                                       ; Off                ; Off                ;
; Analysis & Synthesis Message Level                                         ; Medium             ; Medium             ;
; Disable Register Merging Across Hierarchies                                ; Auto               ; Auto               ;
; Resource Aware Inference For Block RAM                                     ; On                 ; On                 ;
+----------------------------------------------------------------------------+--------------------+--------------------+


+------------------------------------------+
; Parallel Compilation                     ;
+----------------------------+-------------+
; Processors                 ; Number      ;
+----------------------------+-------------+
; Number detected on machine ; 4           ;
; Maximum allowed            ; 2           ;
;                            ;             ;
; Average used               ; 1.00        ;
; Maximum used               ; 2           ;
;                            ;             ;
; Usage by Processor         ; % Time Used ;
;     Processor 1            ; 100.0%      ;
;     Processor 2            ;   0.0%      ;
+----------------------------+-------------+


+-------------------------------------------------------------------------------------------------------------------------------------------------------------------------------------------------------------------------------------+
; Analysis & Synthesis Source Files Read                                                                                                                                                                                              ;
+----------------------------------+-----------------+-----------------+----------------------------------------------------------------------------------------------------------------------------------------------------+---------+
; File Name with User-Entered Path ; Used in Netlist ; File Type       ; File Name with Absolute Path                                                                                                                       ; Library ;
+----------------------------------+-----------------+-----------------+----------------------------------------------------------------------------------------------------------------------------------------------------+---------+
; reg_8b_pipo.vhd                  ; yes             ; User VHDL File  ; C:/Users/leofl_000/Documents/01 - Disciplinas específicas/02 - Digital/04 - Práticas e projetos - VHDL/Project_Color_Identifier/reg_8b_pipo.vhd    ;         ;
; lcd_printer.vhd                  ; yes             ; User VHDL File  ; C:/Users/leofl_000/Documents/01 - Disciplinas específicas/02 - Digital/04 - Práticas e projetos - VHDL/Project_Color_Identifier/lcd_printer.vhd    ;         ;
; lcd_controller.vhd               ; yes             ; User VHDL File  ; C:/Users/leofl_000/Documents/01 - Disciplinas específicas/02 - Digital/04 - Práticas e projetos - VHDL/Project_Color_Identifier/lcd_controller.vhd ;         ;
; main.vhd                         ; yes             ; User VHDL File  ; C:/Users/leofl_000/Documents/01 - Disciplinas específicas/02 - Digital/04 - Práticas e projetos - VHDL/Project_Color_Identifier/main.vhd           ;         ;
; datapath.vhd                     ; yes             ; User VHDL File  ; C:/Users/leofl_000/Documents/01 - Disciplinas específicas/02 - Digital/04 - Práticas e projetos - VHDL/Project_Color_Identifier/datapath.vhd       ;         ;
; controller.vhd                   ; yes             ; User VHDL File  ; C:/Users/leofl_000/Documents/01 - Disciplinas específicas/02 - Digital/04 - Práticas e projetos - VHDL/Project_Color_Identifier/controller.vhd     ;         ;
+----------------------------------+-----------------+-----------------+----------------------------------------------------------------------------------------------------------------------------------------------------+---------+


+--------------------------------------------------------------+
; Analysis & Synthesis Resource Usage Summary                  ;
+---------------------------------------------+----------------+
; Resource                                    ; Usage          ;
+---------------------------------------------+----------------+
; Estimated Total logic elements              ; 314            ;
;                                             ;                ;
; Total combinational functions               ; 310            ;
; Logic element usage by number of LUT inputs ;                ;
;     -- 4 input functions                    ; 132            ;
;     -- 3 input functions                    ; 40             ;
;     -- <=2 input functions                  ; 138            ;
;                                             ;                ;
; Logic elements by mode                      ;                ;
;     -- normal mode                          ; 253            ;
;     -- arithmetic mode                      ; 57             ;
;                                             ;                ;
; Total registers                             ; 87             ;
;     -- Dedicated logic registers            ; 87             ;
;     -- I/O registers                        ; 0              ;
;                                             ;                ;
; I/O pins                                    ; 104            ;
;                                             ;                ;
; Embedded Multiplier 9-bit elements          ; 0              ;
;                                             ;                ;
; Maximum fan-out node                        ; CLOCK_50~input ;
; Maximum fan-out                             ; 87             ;
; Total fan-out                               ; 1309           ;
; Average fan-out                             ; 2.04           ;
+---------------------------------------------+----------------+


+---------------------------------------------------------------------------------------------------------------------------------------------------------------------------------------------------------------------------------+
; Analysis & Synthesis Resource Utilization by Entity                                                                                                                                                                             ;
+----------------------------+---------------------+---------------------------+-------------+--------------+---------+-----------+------+--------------+-----------------------------------------+----------------+--------------+
; Compilation Hierarchy Node ; Combinational ALUTs ; Dedicated Logic Registers ; Memory Bits ; DSP Elements ; DSP 9x9 ; DSP 18x18 ; Pins ; Virtual Pins ; Full Hierarchy Name                     ; Entity Name    ; Library Name ;
+----------------------------+---------------------+---------------------------+-------------+--------------+---------+-----------+------+--------------+-----------------------------------------+----------------+--------------+
; |main                      ; 310 (0)             ; 87 (0)                    ; 0           ; 0            ; 0       ; 0         ; 104  ; 0            ; |main                                   ; main           ; work         ;
;    |controller:CT|         ; 94 (94)             ; 32 (32)                   ; 0           ; 0            ; 0       ; 0         ; 0    ; 0            ; |main|controller:CT                     ; controller     ; work         ;
;    |lcd_printer:LP|        ; 216 (35)            ; 55 (9)                    ; 0           ; 0            ; 0       ; 0         ; 0    ; 0            ; |main|lcd_printer:LP                    ; lcd_printer    ; work         ;
;       |lcd_controller:dut| ; 181 (181)           ; 46 (46)                   ; 0           ; 0            ; 0       ; 0         ; 0    ; 0            ; |main|lcd_printer:LP|lcd_controller:dut ; lcd_controller ; work         ;
+----------------------------+---------------------+---------------------------+-------------+--------------+---------+-----------+------+--------------+-----------------------------------------+----------------+--------------+
Note: For table entries with two numbers listed, the numbers in parentheses indicate the number of resources of the given type used by the specific entity alone. The numbers listed outside of parentheses indicate the total resources of the given type used by the specific entity and all of its sub-entities in the hierarchy.


Encoding Type:  One-Hot
+---------------------------------------------------------------------------------+
; State Machine - |main|lcd_printer:LP|lcd_controller:dut|state                   ;
+------------------+------------+-------------+------------------+----------------+
; Name             ; state.send ; state.ready ; state.initialize ; state.power_up ;
+------------------+------------+-------------+------------------+----------------+
; state.power_up   ; 0          ; 0           ; 0                ; 0              ;
; state.initialize ; 0          ; 0           ; 1                ; 1              ;
; state.ready      ; 0          ; 1           ; 0                ; 1              ;
; state.send       ; 1          ; 0           ; 0                ; 1              ;
+------------------+------------+-------------+------------------+----------------+


Encoding Type:  One-Hot
+---------------------------------------------------------------------------+
; State Machine - |main|lcd_printer:LP|lcd_controller:dut|current_state     ;
+------------------+------------------+------------------+------------------+
; Name             ; current_state.S2 ; current_state.S1 ; current_state.S0 ;
+------------------+------------------+------------------+------------------+
; current_state.S0 ; 0                ; 0                ; 0                ;
; current_state.S1 ; 0                ; 1                ; 1                ;
; current_state.S2 ; 1                ; 0                ; 1                ;
+------------------+------------------+------------------+------------------+


Encoding Type:  One-Hot
+----------------------------------------------------------------------------------------------------------------------------------------------------------------------------------------------------------------------------------------------------+
; State Machine - |main|controller:CT|current_state                                                                                                                                                                                                  ;
+--------------------------------+---------------------------+--------------------------------+--------------------------------+-------------------------------+--------------------------+--------------------------+-------------------------------+
; Name                           ; current_state.state_print ; current_state.state_wait_green ; current_state.state_read_green ; current_state.state_wait_blue ; current_state.state_init ; current_state.state_wait ; current_state.state_read_blue ;
+--------------------------------+---------------------------+--------------------------------+--------------------------------+-------------------------------+--------------------------+--------------------------+-------------------------------+
; current_state.state_read_blue  ; 0                         ; 0                              ; 0                              ; 0                             ; 0                        ; 0                        ; 0                             ;
; current_state.state_wait       ; 0                         ; 0                              ; 0                              ; 0                             ; 0                        ; 1                        ; 1                             ;
; current_state.state_init       ; 0                         ; 0                              ; 0                              ; 0                             ; 1                        ; 0                        ; 1                             ;
; current_state.state_wait_blue  ; 0                         ; 0                              ; 0                              ; 1                             ; 0                        ; 0                        ; 1                             ;
; current_state.state_read_green ; 0                         ; 0                              ; 1                              ; 0                             ; 0                        ; 0                        ; 1                             ;
; current_state.state_wait_green ; 0                         ; 1                              ; 0                              ; 0                             ; 0                        ; 0                        ; 1                             ;
; current_state.state_print      ; 1                         ; 0                              ; 0                              ; 0                             ; 0                        ; 0                        ; 1                             ;
+--------------------------------+---------------------------+--------------------------------+--------------------------------+-------------------------------+--------------------------+--------------------------+-------------------------------+


+-----------------------------------------------------------------------------------------------------------------------+
; User-Specified and Inferred Latches                                                                                   ;
+----------------------------------------------------+-----------------------------------------+------------------------+
; Latch Name                                         ; Latch Enable Signal                     ; Free of Timing Hazards ;
+----------------------------------------------------+-----------------------------------------+------------------------+
; controller:CT|PRINT                                ; controller:CT|WideOr2                   ; yes                    ;
; controller:CT|LIGHT_BLUE                           ; controller:CT|current_state.state_print ; yes                    ;
; controller:CT|LIGHT_GREEN                          ; controller:CT|current_state.state_print ; yes                    ;
; Number of user-specified and inferred latches = 3  ;                                         ;                        ;
+----------------------------------------------------+-----------------------------------------+------------------------+
Note: All latches listed above may not be present at the end of synthesis due to various synthesis optimizations.


+---------------------------------------------------------------------------------------------+
; Registers Removed During Synthesis                                                          ;
+----------------------------------------------------+----------------------------------------+
; Register name                                      ; Reason for Removal                     ;
+----------------------------------------------------+----------------------------------------+
; lcd_printer:LP|lcd_bus[7,8]                        ; Merged with lcd_printer:LP|lcd_bus[5]  ;
; lcd_printer:LP|lcd_bus[9]                          ; Merged with lcd_printer:LP|lcd_bus[6]  ;
; lcd_printer:LP|char[3]                             ; Stuck at GND due to stuck port data_in ;
; lcd_printer:LP|lcd_bus[5]                          ; Stuck at GND due to stuck port data_in ;
; lcd_printer:LP|lcd_bus[6]                          ; Stuck at VCC due to stuck port data_in ;
; lcd_printer:LP|lcd_controller:dut|rw               ; Stuck at GND due to stuck port data_in ;
; lcd_printer:LP|lcd_controller:dut|lcd_data[7]      ; Stuck at GND due to stuck port data_in ;
; controller:CT|count[26]                            ; Stuck at GND due to stuck port data_in ;
; lcd_printer:LP|lcd_controller:dut|current_state.S0 ; Lost fanout                            ;
; lcd_printer:LP|lcd_controller:dut|current_state.S2 ; Lost fanout                            ;
; lcd_printer:LP|lcd_controller:dut|current_state.S1 ; Stuck at GND due to stuck port data_in ;
; controller:CT|current_state.state_init             ; Stuck at GND due to stuck port data_in ;
; Total Number of Removed Registers = 13             ;                                        ;
+----------------------------------------------------+----------------------------------------+


+------------------------------------------------------------------------------------------------------------+
; Removed Registers Triggering Further Register Optimizations                                                ;
+------------------------+---------------------------+-------------------------------------------------------+
; Register name          ; Reason for Removal        ; Registers Removed due to This Register                ;
+------------------------+---------------------------+-------------------------------------------------------+
; lcd_printer:LP|char[3] ; Stuck at GND              ; lcd_printer:LP|lcd_bus[5], lcd_printer:LP|lcd_bus[6], ;
;                        ; due to stuck port data_in ; lcd_printer:LP|lcd_controller:dut|rw,                 ;
;                        ;                           ; lcd_printer:LP|lcd_controller:dut|lcd_data[7]         ;
+------------------------+---------------------------+-------------------------------------------------------+


+------------------------------------------------------+
; General Register Statistics                          ;
+----------------------------------------------+-------+
; Statistic                                    ; Value ;
+----------------------------------------------+-------+
; Total registers                              ; 87    ;
; Number of registers using Synchronous Clear  ; 1     ;
; Number of registers using Synchronous Load   ; 5     ;
; Number of registers using Asynchronous Clear ; 32    ;
; Number of registers using Asynchronous Load  ; 0     ;
; Number of registers using Clock Enable       ; 21    ;
; Number of registers using Preset             ; 0     ;
+----------------------------------------------+-------+


+--------------------------------------------------+
; Inverted Register Statistics                     ;
+----------------------------------------+---------+
; Inverted Register                      ; Fan out ;
+----------------------------------------+---------+
; lcd_printer:LP|lcd_controller:dut|busy ; 2       ;
; Total number of inverted registers = 1 ;         ;
+----------------------------------------+---------+


+---------------------------------------------------------------------------------------------------------------------------------------------------------------------+
; Multiplexer Restructuring Statistics (Restructuring Performed)                                                                                                      ;
+--------------------+-----------+---------------+----------------------+------------------------+------------+-------------------------------------------------------+
; Multiplexer Inputs ; Bus Width ; Baseline Area ; Area if Restructured ; Saving if Restructured ; Registered ; Example Multiplexer Output                            ;
+--------------------+-----------+---------------+----------------------+------------------------+------------+-------------------------------------------------------+
; 4:1                ; 2 bits    ; 4 LEs         ; 2 LEs                ; 2 LEs                  ; Yes        ; |main|lcd_printer:LP|lcd_controller:dut|rw            ;
; 7:1                ; 32 bits   ; 128 LEs       ; 32 LEs               ; 96 LEs                 ; Yes        ; |main|lcd_printer:LP|lcd_controller:dut|clk_count[22] ;
; 4:1                ; 2 bits    ; 4 LEs         ; 0 LEs                ; 4 LEs                  ; Yes        ; |main|lcd_printer:LP|lcd_bus[5]                       ;
; 13:1               ; 3 bits    ; 24 LEs        ; 6 LEs                ; 18 LEs                 ; Yes        ; |main|lcd_printer:LP|lcd_controller:dut|lcd_data[7]   ;
; 14:1               ; 5 bits    ; 45 LEs        ; 35 LEs               ; 10 LEs                 ; Yes        ; |main|lcd_printer:LP|lcd_controller:dut|lcd_data[4]   ;
+--------------------+-----------+---------------+----------------------+------------------------+------------+-------------------------------------------------------+


+---------------------------------------------------------------+
; Port Connectivity Checks: "lcd_printer:LP|lcd_controller:dut" ;
+---------+-------+----------+----------------------------------+
; Port    ; Type  ; Severity ; Details                          ;
+---------+-------+----------+----------------------------------+
; reset_n ; Input ; Info     ; Stuck at VCC                     ;
+---------+-------+----------+----------------------------------+


+--------------------------------------------+
; Port Connectivity Checks: "lcd_printer:LP" ;
+-------+-------+----------+-----------------+
; Port  ; Type  ; Severity ; Details         ;
+-------+-------+----------+-----------------+
; print ; Input ; Info     ; Stuck at VCC    ;
+-------+-------+----------+-----------------+


+---------------------------------------------------------------------------------------------------------------------+
; Port Connectivity Checks: "datapath:DP"                                                                             ;
+-----------+--------+----------+-------------------------------------------------------------------------------------+
; Port      ; Type   ; Severity ; Details                                                                             ;
+-----------+--------+----------+-------------------------------------------------------------------------------------+
; out_blue  ; Output ; Info     ; Connected to dangling logic. Logic that only feeds a dangling port will be removed. ;
; out_green ; Output ; Info     ; Connected to dangling logic. Logic that only feeds a dangling port will be removed. ;
+-----------+--------+----------+-------------------------------------------------------------------------------------+


+-----------------------------------------------------+
; Post-Synthesis Netlist Statistics for Top Partition ;
+-----------------------+-----------------------------+
; Type                  ; Count                       ;
+-----------------------+-----------------------------+
; boundary_port         ; 104                         ;
; cycloneiii_ff         ; 87                          ;
;     CLR               ; 26                          ;
;     ENA               ; 9                           ;
;     ENA CLR           ; 6                           ;
;     ENA SCLR          ; 1                           ;
;     ENA SLD           ; 5                           ;
;     plain             ; 40                          ;
; cycloneiii_io_obuf    ; 36                          ;
; cycloneiii_lcell_comb ; 311                         ;
;     arith             ; 57                          ;
;         2 data inputs ; 57                          ;
;     normal            ; 254                         ;
;         0 data inputs ; 2                           ;
;         1 data inputs ; 2                           ;
;         2 data inputs ; 78                          ;
;         3 data inputs ; 40                          ;
;         4 data inputs ; 132                         ;
;                       ;                             ;
; Max LUT depth         ; 12.40                       ;
; Average LUT depth     ; 8.14                        ;
+-----------------------+-----------------------------+


+-------------------------------+
; Elapsed Time Per Partition    ;
+----------------+--------------+
; Partition Name ; Elapsed Time ;
+----------------+--------------+
; Top            ; 00:00:01     ;
+----------------+--------------+


+-------------------------------+
; Analysis & Synthesis Messages ;
+-------------------------------+
Info: *******************************************************************
Info: Running Quartus Prime Analysis & Synthesis
    Info: Version 17.0.0 Build 595 04/25/2017 SJ Lite Edition
    Info: Processing started: Mon Nov 20 15:15:13 2017
Info: Command: quartus_map --read_settings_files=on --write_settings_files=off projeto_final -c main
Warning (18236): Number of processors has not been specified which may cause overloading on shared machines.  Set the global assignment NUM_PARALLEL_PROCESSORS in your QSF to an appropriate value for best performance.
Info (20030): Parallel compilation is enabled and will use 2 of the 2 processors detected
Info (12021): Found 2 design units, including 1 entities, in source file reg_8b_pipo.vhd
    Info (12022): Found design unit 1: reg_8b_pipo-functional File: C:/Users/leofl_000/Documents/01 - Disciplinas específicas/02 - Digital/04 - Práticas e projetos - VHDL/Project_Color_Identifier/reg_8b_pipo.vhd Line: 13
    Info (12023): Found entity 1: reg_8b_pipo File: C:/Users/leofl_000/Documents/01 - Disciplinas específicas/02 - Digital/04 - Práticas e projetos - VHDL/Project_Color_Identifier/reg_8b_pipo.vhd Line: 4
Info (12021): Found 2 design units, including 1 entities, in source file lcd_printer.vhd
    Info (12022): Found design unit 1: lcd_printer-behavior File: C:/Users/leofl_000/Documents/01 - Disciplinas específicas/02 - Digital/04 - Práticas e projetos - VHDL/Project_Color_Identifier/lcd_printer.vhd Line: 43
    Info (12023): Found entity 1: lcd_printer File: C:/Users/leofl_000/Documents/01 - Disciplinas específicas/02 - Digital/04 - Práticas e projetos - VHDL/Project_Color_Identifier/lcd_printer.vhd Line: 31
Info (12021): Found 2 design units, including 1 entities, in source file lcd_controller.vhd
    Info (12022): Found design unit 1: lcd_controller-controller File: C:/Users/leofl_000/Documents/01 - Disciplinas específicas/02 - Digital/04 - Práticas e projetos - VHDL/Project_Color_Identifier/lcd_controller.vhd Line: 62
    Info (12023): Found entity 1: lcd_controller File: C:/Users/leofl_000/Documents/01 - Disciplinas específicas/02 - Digital/04 - Práticas e projetos - VHDL/Project_Color_Identifier/lcd_controller.vhd Line: 51
Info (12021): Found 2 design units, including 1 entities, in source file main.vhd
    Info (12022): Found design unit 1: main-funcional File: C:/Users/leofl_000/Documents/01 - Disciplinas específicas/02 - Digital/04 - Práticas e projetos - VHDL/Project_Color_Identifier/main.vhd Line: 32
    Info (12023): Found entity 1: main File: C:/Users/leofl_000/Documents/01 - Disciplinas específicas/02 - Digital/04 - Práticas e projetos - VHDL/Project_Color_Identifier/main.vhd Line: 14
Info (12021): Found 2 design units, including 1 entities, in source file datapath.vhd
    Info (12022): Found design unit 1: datapath-funcional File: C:/Users/leofl_000/Documents/01 - Disciplinas específicas/02 - Digital/04 - Práticas e projetos - VHDL/Project_Color_Identifier/datapath.vhd Line: 27
    Info (12023): Found entity 1: datapath File: C:/Users/leofl_000/Documents/01 - Disciplinas específicas/02 - Digital/04 - Práticas e projetos - VHDL/Project_Color_Identifier/datapath.vhd Line: 14
Info (12021): Found 2 design units, including 1 entities, in source file controller.vhd
    Info (12022): Found design unit 1: controller-funcional File: C:/Users/leofl_000/Documents/01 - Disciplinas específicas/02 - Digital/04 - Práticas e projetos - VHDL/Project_Color_Identifier/controller.vhd Line: 30
    Info (12023): Found entity 1: controller File: C:/Users/leofl_000/Documents/01 - Disciplinas específicas/02 - Digital/04 - Práticas e projetos - VHDL/Project_Color_Identifier/controller.vhd Line: 15
Info (12127): Elaborating entity "main" for the top level hierarchy
Warning (10541): VHDL Signal Declaration warning at main.vhd(19): used implicit default value for signal "HEX0" because signal was never assigned a value or an explicit default value. Use of implicit default value may introduce unintended design optimizations. File: C:/Users/leofl_000/Documents/01 - Disciplinas específicas/02 - Digital/04 - Práticas e projetos - VHDL/Project_Color_Identifier/main.vhd Line: 19
Warning (10541): VHDL Signal Declaration warning at main.vhd(20): used implicit default value for signal "LEDG" because signal was never assigned a value or an explicit default value. Use of implicit default value may introduce unintended design optimizations. File: C:/Users/leofl_000/Documents/01 - Disciplinas específicas/02 - Digital/04 - Práticas e projetos - VHDL/Project_Color_Identifier/main.vhd Line: 20
Warning (10036): Verilog HDL or VHDL warning at main.vhd(36): object "out_blue" assigned a value but never read File: C:/Users/leofl_000/Documents/01 - Disciplinas específicas/02 - Digital/04 - Práticas e projetos - VHDL/Project_Color_Identifier/main.vhd Line: 36
Warning (10036): Verilog HDL or VHDL warning at main.vhd(36): object "out_green" assigned a value but never read File: C:/Users/leofl_000/Documents/01 - Disciplinas específicas/02 - Digital/04 - Práticas e projetos - VHDL/Project_Color_Identifier/main.vhd Line: 36
Warning (10873): Using initial value X (don't care) for net "LEDR[17..1]" at main.vhd(21) File: C:/Users/leofl_000/Documents/01 - Disciplinas específicas/02 - Digital/04 - Práticas e projetos - VHDL/Project_Color_Identifier/main.vhd Line: 21
Info (12128): Elaborating entity "controller" for hierarchy "controller:CT" File: C:/Users/leofl_000/Documents/01 - Disciplinas específicas/02 - Digital/04 - Práticas e projetos - VHDL/Project_Color_Identifier/main.vhd Line: 92
Warning (10492): VHDL Process Statement warning at controller.vhd(70): signal "COMPARE" is read inside the Process Statement but isn't in the Process Statement's sensitivity list File: C:/Users/leofl_000/Documents/01 - Disciplinas específicas/02 - Digital/04 - Práticas e projetos - VHDL/Project_Color_Identifier/controller.vhd Line: 70
Warning (10492): VHDL Process Statement warning at controller.vhd(80): signal "COMPARE" is read inside the Process Statement but isn't in the Process Statement's sensitivity list File: C:/Users/leofl_000/Documents/01 - Disciplinas específicas/02 - Digital/04 - Práticas e projetos - VHDL/Project_Color_Identifier/controller.vhd Line: 80
Warning (10492): VHDL Process Statement warning at controller.vhd(90): signal "COMPARE" is read inside the Process Statement but isn't in the Process Statement's sensitivity list File: C:/Users/leofl_000/Documents/01 - Disciplinas específicas/02 - Digital/04 - Práticas e projetos - VHDL/Project_Color_Identifier/controller.vhd Line: 90
Warning (10492): VHDL Process Statement warning at controller.vhd(100): signal "COMPARE" is read inside the Process Statement but isn't in the Process Statement's sensitivity list File: C:/Users/leofl_000/Documents/01 - Disciplinas específicas/02 - Digital/04 - Práticas e projetos - VHDL/Project_Color_Identifier/controller.vhd Line: 100
Warning (10492): VHDL Process Statement warning at controller.vhd(110): signal "COMPARE" is read inside the Process Statement but isn't in the Process Statement's sensitivity list File: C:/Users/leofl_000/Documents/01 - Disciplinas específicas/02 - Digital/04 - Práticas e projetos - VHDL/Project_Color_Identifier/controller.vhd Line: 110
Warning (10631): VHDL Process Statement warning at controller.vhd(53): inferring latch(es) for signal or variable "ADC_INIT", which holds its previous value in one or more paths through the process File: C:/Users/leofl_000/Documents/01 - Disciplinas específicas/02 - Digital/04 - Práticas e projetos - VHDL/Project_Color_Identifier/controller.vhd Line: 53
Warning (10631): VHDL Process Statement warning at controller.vhd(53): inferring latch(es) for signal or variable "PRINT", which holds its previous value in one or more paths through the process File: C:/Users/leofl_000/Documents/01 - Disciplinas específicas/02 - Digital/04 - Práticas e projetos - VHDL/Project_Color_Identifier/controller.vhd Line: 53
Warning (10631): VHDL Process Statement warning at controller.vhd(53): inferring latch(es) for signal or variable "LIGHT_BLUE", which holds its previous value in one or more paths through the process File: C:/Users/leofl_000/Documents/01 - Disciplinas específicas/02 - Digital/04 - Práticas e projetos - VHDL/Project_Color_Identifier/controller.vhd Line: 53
Warning (10631): VHDL Process Statement warning at controller.vhd(53): inferring latch(es) for signal or variable "READ_BLUE", which holds its previous value in one or more paths through the process File: C:/Users/leofl_000/Documents/01 - Disciplinas específicas/02 - Digital/04 - Práticas e projetos - VHDL/Project_Color_Identifier/controller.vhd Line: 53
Warning (10631): VHDL Process Statement warning at controller.vhd(53): inferring latch(es) for signal or variable "LIGHT_GREEN", which holds its previous value in one or more paths through the process File: C:/Users/leofl_000/Documents/01 - Disciplinas específicas/02 - Digital/04 - Práticas e projetos - VHDL/Project_Color_Identifier/controller.vhd Line: 53
Warning (10631): VHDL Process Statement warning at controller.vhd(53): inferring latch(es) for signal or variable "READ_GREEN", which holds its previous value in one or more paths through the process File: C:/Users/leofl_000/Documents/01 - Disciplinas específicas/02 - Digital/04 - Práticas e projetos - VHDL/Project_Color_Identifier/controller.vhd Line: 53
Info (10041): Inferred latch for "READ_GREEN" at controller.vhd(53) File: C:/Users/leofl_000/Documents/01 - Disciplinas específicas/02 - Digital/04 - Práticas e projetos - VHDL/Project_Color_Identifier/controller.vhd Line: 53
Info (10041): Inferred latch for "LIGHT_GREEN" at controller.vhd(53) File: C:/Users/leofl_000/Documents/01 - Disciplinas específicas/02 - Digital/04 - Práticas e projetos - VHDL/Project_Color_Identifier/controller.vhd Line: 53
Info (10041): Inferred latch for "READ_BLUE" at controller.vhd(53) File: C:/Users/leofl_000/Documents/01 - Disciplinas específicas/02 - Digital/04 - Práticas e projetos - VHDL/Project_Color_Identifier/controller.vhd Line: 53
Info (10041): Inferred latch for "LIGHT_BLUE" at controller.vhd(53) File: C:/Users/leofl_000/Documents/01 - Disciplinas específicas/02 - Digital/04 - Práticas e projetos - VHDL/Project_Color_Identifier/controller.vhd Line: 53
Info (10041): Inferred latch for "PRINT" at controller.vhd(53) File: C:/Users/leofl_000/Documents/01 - Disciplinas específicas/02 - Digital/04 - Práticas e projetos - VHDL/Project_Color_Identifier/controller.vhd Line: 53
Info (10041): Inferred latch for "ADC_INIT" at controller.vhd(53) File: C:/Users/leofl_000/Documents/01 - Disciplinas específicas/02 - Digital/04 - Práticas e projetos - VHDL/Project_Color_Identifier/controller.vhd Line: 53
Info (12128): Elaborating entity "datapath" for hierarchy "datapath:DP" File: C:/Users/leofl_000/Documents/01 - Disciplinas específicas/02 - Digital/04 - Práticas e projetos - VHDL/Project_Color_Identifier/main.vhd Line: 93
Info (12128): Elaborating entity "reg_8b_pipo" for hierarchy "datapath:DP|reg_8b_pipo:RB" File: C:/Users/leofl_000/Documents/01 - Disciplinas específicas/02 - Digital/04 - Práticas e projetos - VHDL/Project_Color_Identifier/datapath.vhd Line: 37
Warning (10492): VHDL Process Statement warning at reg_8b_pipo.vhd(17): signal "EN" is read inside the Process Statement but isn't in the Process Statement's sensitivity list File: C:/Users/leofl_000/Documents/01 - Disciplinas específicas/02 - Digital/04 - Práticas e projetos - VHDL/Project_Color_Identifier/reg_8b_pipo.vhd Line: 17
Info (12128): Elaborating entity "lcd_printer" for hierarchy "lcd_printer:LP" File: C:/Users/leofl_000/Documents/01 - Disciplinas específicas/02 - Digital/04 - Práticas e projetos - VHDL/Project_Color_Identifier/main.vhd Line: 94
Info (12128): Elaborating entity "lcd_controller" for hierarchy "lcd_printer:LP|lcd_controller:dut" File: C:/Users/leofl_000/Documents/01 - Disciplinas específicas/02 - Digital/04 - Práticas e projetos - VHDL/Project_Color_Identifier/lcd_printer.vhd Line: 87
Warning (10492): VHDL Process Statement warning at lcd_controller.vhd(85): signal "reset_n" is read inside the Process Statement but isn't in the Process Statement's sensitivity list File: C:/Users/leofl_000/Documents/01 - Disciplinas específicas/02 - Digital/04 - Práticas e projetos - VHDL/Project_Color_Identifier/lcd_controller.vhd Line: 85
Warning (10492): VHDL Process Statement warning at lcd_controller.vhd(97): signal "reset_n" is read inside the Process Statement but isn't in the Process Statement's sensitivity list File: C:/Users/leofl_000/Documents/01 - Disciplinas específicas/02 - Digital/04 - Práticas e projetos - VHDL/Project_Color_Identifier/lcd_controller.vhd Line: 97
Warning (13034): The following nodes have both tri-state and non-tri-state drivers
    Warning (13035): Inserted always-enabled tri-state buffer between "GPIO[10]" and its non-tri-state driver. File: C:/Users/leofl_000/Documents/01 - Disciplinas específicas/02 - Digital/04 - Práticas e projetos - VHDL/Project_Color_Identifier/main.vhd Line: 26
    Warning (13035): Inserted always-enabled tri-state buffer between "GPIO[11]" and its non-tri-state driver. File: C:/Users/leofl_000/Documents/01 - Disciplinas específicas/02 - Digital/04 - Práticas e projetos - VHDL/Project_Color_Identifier/main.vhd Line: 26
Warning (13039): The following bidirectional pins have no drivers
    Warning (13040): bidirectional pin "GPIO[0]" has no driver File: C:/Users/leofl_000/Documents/01 - Disciplinas específicas/02 - Digital/04 - Práticas e projetos - VHDL/Project_Color_Identifier/main.vhd Line: 26
    Warning (13040): bidirectional pin "GPIO[1]" has no driver File: C:/Users/leofl_000/Documents/01 - Disciplinas específicas/02 - Digital/04 - Práticas e projetos - VHDL/Project_Color_Identifier/main.vhd Line: 26
    Warning (13040): bidirectional pin "GPIO[2]" has no driver File: C:/Users/leofl_000/Documents/01 - Disciplinas específicas/02 - Digital/04 - Práticas e projetos - VHDL/Project_Color_Identifier/main.vhd Line: 26
    Warning (13040): bidirectional pin "GPIO[3]" has no driver File: C:/Users/leofl_000/Documents/01 - Disciplinas específicas/02 - Digital/04 - Práticas e projetos - VHDL/Project_Color_Identifier/main.vhd Line: 26
    Warning (13040): bidirectional pin "GPIO[4]" has no driver File: C:/Users/leofl_000/Documents/01 - Disciplinas específicas/02 - Digital/04 - Práticas e projetos - VHDL/Project_Color_Identifier/main.vhd Line: 26
    Warning (13040): bidirectional pin "GPIO[5]" has no driver File: C:/Users/leofl_000/Documents/01 - Disciplinas específicas/02 - Digital/04 - Práticas e projetos - VHDL/Project_Color_Identifier/main.vhd Line: 26
    Warning (13040): bidirectional pin "GPIO[6]" has no driver File: C:/Users/leofl_000/Documents/01 - Disciplinas específicas/02 - Digital/04 - Práticas e projetos - VHDL/Project_Color_Identifier/main.vhd Line: 26
    Warning (13040): bidirectional pin "GPIO[7]" has no driver File: C:/Users/leofl_000/Documents/01 - Disciplinas específicas/02 - Digital/04 - Práticas e projetos - VHDL/Project_Color_Identifier/main.vhd Line: 26
    Warning (13040): bidirectional pin "GPIO[9]" has no driver File: C:/Users/leofl_000/Documents/01 - Disciplinas específicas/02 - Digital/04 - Práticas e projetos - VHDL/Project_Color_Identifier/main.vhd Line: 26
    Warning (13040): bidirectional pin "GPIO[12]" has no driver File: C:/Users/leofl_000/Documents/01 - Disciplinas específicas/02 - Digital/04 - Práticas e projetos - VHDL/Project_Color_Identifier/main.vhd Line: 26
    Warning (13040): bidirectional pin "GPIO[13]" has no driver File: C:/Users/leofl_000/Documents/01 - Disciplinas específicas/02 - Digital/04 - Práticas e projetos - VHDL/Project_Color_Identifier/main.vhd Line: 26
    Warning (13040): bidirectional pin "GPIO[14]" has no driver File: C:/Users/leofl_000/Documents/01 - Disciplinas específicas/02 - Digital/04 - Práticas e projetos - VHDL/Project_Color_Identifier/main.vhd Line: 26
    Warning (13040): bidirectional pin "GPIO[15]" has no driver File: C:/Users/leofl_000/Documents/01 - Disciplinas específicas/02 - Digital/04 - Práticas e projetos - VHDL/Project_Color_Identifier/main.vhd Line: 26
    Warning (13040): bidirectional pin "GPIO[16]" has no driver File: C:/Users/leofl_000/Documents/01 - Disciplinas específicas/02 - Digital/04 - Práticas e projetos - VHDL/Project_Color_Identifier/main.vhd Line: 26
    Warning (13040): bidirectional pin "GPIO[17]" has no driver File: C:/Users/leofl_000/Documents/01 - Disciplinas específicas/02 - Digital/04 - Práticas e projetos - VHDL/Project_Color_Identifier/main.vhd Line: 26
    Warning (13040): bidirectional pin "GPIO[18]" has no driver File: C:/Users/leofl_000/Documents/01 - Disciplinas específicas/02 - Digital/04 - Práticas e projetos - VHDL/Project_Color_Identifier/main.vhd Line: 26
    Warning (13040): bidirectional pin "GPIO[19]" has no driver File: C:/Users/leofl_000/Documents/01 - Disciplinas específicas/02 - Digital/04 - Práticas e projetos - VHDL/Project_Color_Identifier/main.vhd Line: 26
    Warning (13040): bidirectional pin "GPIO[20]" has no driver File: C:/Users/leofl_000/Documents/01 - Disciplinas específicas/02 - Digital/04 - Práticas e projetos - VHDL/Project_Color_Identifier/main.vhd Line: 26
    Warning (13040): bidirectional pin "GPIO[21]" has no driver File: C:/Users/leofl_000/Documents/01 - Disciplinas específicas/02 - Digital/04 - Práticas e projetos - VHDL/Project_Color_Identifier/main.vhd Line: 26
    Warning (13040): bidirectional pin "GPIO[22]" has no driver File: C:/Users/leofl_000/Documents/01 - Disciplinas específicas/02 - Digital/04 - Práticas e projetos - VHDL/Project_Color_Identifier/main.vhd Line: 26
    Warning (13040): bidirectional pin "GPIO[23]" has no driver File: C:/Users/leofl_000/Documents/01 - Disciplinas específicas/02 - Digital/04 - Práticas e projetos - VHDL/Project_Color_Identifier/main.vhd Line: 26
    Warning (13040): bidirectional pin "GPIO[24]" has no driver File: C:/Users/leofl_000/Documents/01 - Disciplinas específicas/02 - Digital/04 - Práticas e projetos - VHDL/Project_Color_Identifier/main.vhd Line: 26
    Warning (13040): bidirectional pin "GPIO[25]" has no driver File: C:/Users/leofl_000/Documents/01 - Disciplinas específicas/02 - Digital/04 - Práticas e projetos - VHDL/Project_Color_Identifier/main.vhd Line: 26
    Warning (13040): bidirectional pin "GPIO[26]" has no driver File: C:/Users/leofl_000/Documents/01 - Disciplinas específicas/02 - Digital/04 - Práticas e projetos - VHDL/Project_Color_Identifier/main.vhd Line: 26
    Warning (13040): bidirectional pin "GPIO[27]" has no driver File: C:/Users/leofl_000/Documents/01 - Disciplinas específicas/02 - Digital/04 - Práticas e projetos - VHDL/Project_Color_Identifier/main.vhd Line: 26
    Warning (13040): bidirectional pin "GPIO[28]" has no driver File: C:/Users/leofl_000/Documents/01 - Disciplinas específicas/02 - Digital/04 - Práticas e projetos - VHDL/Project_Color_Identifier/main.vhd Line: 26
    Warning (13040): bidirectional pin "GPIO[29]" has no driver File: C:/Users/leofl_000/Documents/01 - Disciplinas específicas/02 - Digital/04 - Práticas e projetos - VHDL/Project_Color_Identifier/main.vhd Line: 26
    Warning (13040): bidirectional pin "GPIO[30]" has no driver File: C:/Users/leofl_000/Documents/01 - Disciplinas específicas/02 - Digital/04 - Práticas e projetos - VHDL/Project_Color_Identifier/main.vhd Line: 26
    Warning (13040): bidirectional pin "GPIO[31]" has no driver File: C:/Users/leofl_000/Documents/01 - Disciplinas específicas/02 - Digital/04 - Práticas e projetos - VHDL/Project_Color_Identifier/main.vhd Line: 26
    Warning (13040): bidirectional pin "GPIO[32]" has no driver File: C:/Users/leofl_000/Documents/01 - Disciplinas específicas/02 - Digital/04 - Práticas e projetos - VHDL/Project_Color_Identifier/main.vhd Line: 26
    Warning (13040): bidirectional pin "GPIO[33]" has no driver File: C:/Users/leofl_000/Documents/01 - Disciplinas específicas/02 - Digital/04 - Práticas e projetos - VHDL/Project_Color_Identifier/main.vhd Line: 26
    Warning (13040): bidirectional pin "GPIO[34]" has no driver File: C:/Users/leofl_000/Documents/01 - Disciplinas específicas/02 - Digital/04 - Práticas e projetos - VHDL/Project_Color_Identifier/main.vhd Line: 26
    Warning (13040): bidirectional pin "GPIO[35]" has no driver File: C:/Users/leofl_000/Documents/01 - Disciplinas específicas/02 - Digital/04 - Práticas e projetos - VHDL/Project_Color_Identifier/main.vhd Line: 26
Warning (13012): Latch controller:CT|PRINT has unsafe behavior File: C:/Users/leofl_000/Documents/01 - Disciplinas específicas/02 - Digital/04 - Práticas e projetos - VHDL/Project_Color_Identifier/controller.vhd Line: 24
    Warning (13013): Ports D and ENA on the latch are fed by the same signal controller:CT|current_state.state_wait File: C:/Users/leofl_000/Documents/01 - Disciplinas específicas/02 - Digital/04 - Práticas e projetos - VHDL/Project_Color_Identifier/controller.vhd Line: 32
Warning (13009): TRI or OPNDRN buffers permanently enabled
    Warning (13010): Node "GPIO[10]~synth" File: C:/Users/leofl_000/Documents/01 - Disciplinas específicas/02 - Digital/04 - Práticas e projetos - VHDL/Project_Color_Identifier/main.vhd Line: 26
    Warning (13010): Node "GPIO[11]~synth" File: C:/Users/leofl_000/Documents/01 - Disciplinas específicas/02 - Digital/04 - Práticas e projetos - VHDL/Project_Color_Identifier/main.vhd Line: 26
Warning (13024): Output pins are stuck at VCC or GND
    Warning (13410): Pin "HEX0[0]" is stuck at GND File: C:/Users/leofl_000/Documents/01 - Disciplinas específicas/02 - Digital/04 - Práticas e projetos - VHDL/Project_Color_Identifier/main.vhd Line: 19
    Warning (13410): Pin "HEX0[1]" is stuck at GND File: C:/Users/leofl_000/Documents/01 - Disciplinas específicas/02 - Digital/04 - Práticas e projetos - VHDL/Project_Color_Identifier/main.vhd Line: 19
    Warning (13410): Pin "HEX0[2]" is stuck at GND File: C:/Users/leofl_000/Documents/01 - Disciplinas específicas/02 - Digital/04 - Práticas e projetos - VHDL/Project_Color_Identifier/main.vhd Line: 19
    Warning (13410): Pin "HEX0[3]" is stuck at GND File: C:/Users/leofl_000/Documents/01 - Disciplinas específicas/02 - Digital/04 - Práticas e projetos - VHDL/Project_Color_Identifier/main.vhd Line: 19
    Warning (13410): Pin "HEX0[4]" is stuck at GND File: C:/Users/leofl_000/Documents/01 - Disciplinas específicas/02 - Digital/04 - Práticas e projetos - VHDL/Project_Color_Identifier/main.vhd Line: 19
    Warning (13410): Pin "HEX0[5]" is stuck at GND File: C:/Users/leofl_000/Documents/01 - Disciplinas específicas/02 - Digital/04 - Práticas e projetos - VHDL/Project_Color_Identifier/main.vhd Line: 19
    Warning (13410): Pin "HEX0[6]" is stuck at GND File: C:/Users/leofl_000/Documents/01 - Disciplinas específicas/02 - Digital/04 - Práticas e projetos - VHDL/Project_Color_Identifier/main.vhd Line: 19
    Warning (13410): Pin "LEDG[0]" is stuck at GND File: C:/Users/leofl_000/Documents/01 - Disciplinas específicas/02 - Digital/04 - Práticas e projetos - VHDL/Project_Color_Identifier/main.vhd Line: 20
    Warning (13410): Pin "LEDG[1]" is stuck at GND File: C:/Users/leofl_000/Documents/01 - Disciplinas específicas/02 - Digital/04 - Práticas e projetos - VHDL/Project_Color_Identifier/main.vhd Line: 20
    Warning (13410): Pin "LEDG[2]" is stuck at GND File: C:/Users/leofl_000/Documents/01 - Disciplinas específicas/02 - Digital/04 - Práticas e projetos - VHDL/Project_Color_Identifier/main.vhd Line: 20
    Warning (13410): Pin "LEDG[3]" is stuck at GND File: C:/Users/leofl_000/Documents/01 - Disciplinas específicas/02 - Digital/04 - Práticas e projetos - VHDL/Project_Color_Identifier/main.vhd Line: 20
    Warning (13410): Pin "LEDG[4]" is stuck at GND File: C:/Users/leofl_000/Documents/01 - Disciplinas específicas/02 - Digital/04 - Práticas e projetos - VHDL/Project_Color_Identifier/main.vhd Line: 20
    Warning (13410): Pin "LEDG[5]" is stuck at GND File: C:/Users/leofl_000/Documents/01 - Disciplinas específicas/02 - Digital/04 - Práticas e projetos - VHDL/Project_Color_Identifier/main.vhd Line: 20
    Warning (13410): Pin "LEDG[6]" is stuck at GND File: C:/Users/leofl_000/Documents/01 - Disciplinas específicas/02 - Digital/04 - Práticas e projetos - VHDL/Project_Color_Identifier/main.vhd Line: 20
    Warning (13410): Pin "LEDG[7]" is stuck at GND File: C:/Users/leofl_000/Documents/01 - Disciplinas específicas/02 - Digital/04 - Práticas e projetos - VHDL/Project_Color_Identifier/main.vhd Line: 20
    Warning (13410): Pin "LEDG[8]" is stuck at GND File: C:/Users/leofl_000/Documents/01 - Disciplinas específicas/02 - Digital/04 - Práticas e projetos - VHDL/Project_Color_Identifier/main.vhd Line: 20
    Warning (13410): Pin "LEDR[1]" is stuck at GND File: C:/Users/leofl_000/Documents/01 - Disciplinas específicas/02 - Digital/04 - Práticas e projetos - VHDL/Project_Color_Identifier/main.vhd Line: 21
    Warning (13410): Pin "LEDR[2]" is stuck at GND File: C:/Users/leofl_000/Documents/01 - Disciplinas específicas/02 - Digital/04 - Práticas e projetos - VHDL/Project_Color_Identifier/main.vhd Line: 21
    Warning (13410): Pin "LEDR[3]" is stuck at GND File: C:/Users/leofl_000/Documents/01 - Disciplinas específicas/02 - Digital/04 - Práticas e projetos - VHDL/Project_Color_Identifier/main.vhd Line: 21
    Warning (13410): Pin "LEDR[4]" is stuck at GND File: C:/Users/leofl_000/Documents/01 - Disciplinas específicas/02 - Digital/04 - Práticas e projetos - VHDL/Project_Color_Identifier/main.vhd Line: 21
    Warning (13410): Pin "LEDR[5]" is stuck at GND File: C:/Users/leofl_000/Documents/01 - Disciplinas específicas/02 - Digital/04 - Práticas e projetos - VHDL/Project_Color_Identifier/main.vhd Line: 21
    Warning (13410): Pin "LEDR[6]" is stuck at GND File: C:/Users/leofl_000/Documents/01 - Disciplinas específicas/02 - Digital/04 - Práticas e projetos - VHDL/Project_Color_Identifier/main.vhd Line: 21
    Warning (13410): Pin "LEDR[7]" is stuck at GND File: C:/Users/leofl_000/Documents/01 - Disciplinas específicas/02 - Digital/04 - Práticas e projetos - VHDL/Project_Color_Identifier/main.vhd Line: 21
    Warning (13410): Pin "LEDR[8]" is stuck at GND File: C:/Users/leofl_000/Documents/01 - Disciplinas específicas/02 - Digital/04 - Práticas e projetos - VHDL/Project_Color_Identifier/main.vhd Line: 21
    Warning (13410): Pin "LEDR[9]" is stuck at GND File: C:/Users/leofl_000/Documents/01 - Disciplinas específicas/02 - Digital/04 - Práticas e projetos - VHDL/Project_Color_Identifier/main.vhd Line: 21
    Warning (13410): Pin "LEDR[10]" is stuck at GND File: C:/Users/leofl_000/Documents/01 - Disciplinas específicas/02 - Digital/04 - Práticas e projetos - VHDL/Project_Color_Identifier/main.vhd Line: 21
    Warning (13410): Pin "LEDR[11]" is stuck at GND File: C:/Users/leofl_000/Documents/01 - Disciplinas específicas/02 - Digital/04 - Práticas e projetos - VHDL/Project_Color_Identifier/main.vhd Line: 21
    Warning (13410): Pin "LEDR[12]" is stuck at GND File: C:/Users/leofl_000/Documents/01 - Disciplinas específicas/02 - Digital/04 - Práticas e projetos - VHDL/Project_Color_Identifier/main.vhd Line: 21
    Warning (13410): Pin "LEDR[13]" is stuck at GND File: C:/Users/leofl_000/Documents/01 - Disciplinas específicas/02 - Digital/04 - Práticas e projetos - VHDL/Project_Color_Identifier/main.vhd Line: 21
    Warning (13410): Pin "LEDR[14]" is stuck at GND File: C:/Users/leofl_000/Documents/01 - Disciplinas específicas/02 - Digital/04 - Práticas e projetos - VHDL/Project_Color_Identifier/main.vhd Line: 21
    Warning (13410): Pin "LEDR[15]" is stuck at GND File: C:/Users/leofl_000/Documents/01 - Disciplinas específicas/02 - Digital/04 - Práticas e projetos - VHDL/Project_Color_Identifier/main.vhd Line: 21
    Warning (13410): Pin "LEDR[16]" is stuck at GND File: C:/Users/leofl_000/Documents/01 - Disciplinas específicas/02 - Digital/04 - Práticas e projetos - VHDL/Project_Color_Identifier/main.vhd Line: 21
    Warning (13410): Pin "LEDR[17]" is stuck at GND File: C:/Users/leofl_000/Documents/01 - Disciplinas específicas/02 - Digital/04 - Práticas e projetos - VHDL/Project_Color_Identifier/main.vhd Line: 21
    Warning (13410): Pin "LCD_RW" is stuck at GND File: C:/Users/leofl_000/Documents/01 - Disciplinas específicas/02 - Digital/04 - Práticas e projetos - VHDL/Project_Color_Identifier/main.vhd Line: 22
    Warning (13410): Pin "LCD_DATA[7]" is stuck at GND File: C:/Users/leofl_000/Documents/01 - Disciplinas específicas/02 - Digital/04 - Práticas e projetos - VHDL/Project_Color_Identifier/main.vhd Line: 25
Info (286030): Timing-Driven Synthesis is running
Info (17049): 2 registers lost all their fanouts during netlist optimizations.
Info (16010): Generating hard_block partition "hard_block:auto_generated_inst"
    Info (16011): Adding 0 node(s), including 0 DDIO, 0 PLL, 0 transceiver and 0 LCELL
Warning (21074): Design contains 20 input pin(s) that do not drive logic
    Warning (15610): No output dependent on input pin "KEY[1]" File: C:/Users/leofl_000/Documents/01 - Disciplinas específicas/02 - Digital/04 - Práticas e projetos - VHDL/Project_Color_Identifier/main.vhd Line: 17
    Warning (15610): No output dependent on input pin "KEY[2]" File: C:/Users/leofl_000/Documents/01 - Disciplinas específicas/02 - Digital/04 - Práticas e projetos - VHDL/Project_Color_Identifier/main.vhd Line: 17
    Warning (15610): No output dependent on input pin "KEY[3]" File: C:/Users/leofl_000/Documents/01 - Disciplinas específicas/02 - Digital/04 - Práticas e projetos - VHDL/Project_Color_Identifier/main.vhd Line: 17
    Warning (15610): No output dependent on input pin "SW[1]" File: C:/Users/leofl_000/Documents/01 - Disciplinas específicas/02 - Digital/04 - Práticas e projetos - VHDL/Project_Color_Identifier/main.vhd Line: 18
    Warning (15610): No output dependent on input pin "SW[2]" File: C:/Users/leofl_000/Documents/01 - Disciplinas específicas/02 - Digital/04 - Práticas e projetos - VHDL/Project_Color_Identifier/main.vhd Line: 18
    Warning (15610): No output dependent on input pin "SW[3]" File: C:/Users/leofl_000/Documents/01 - Disciplinas específicas/02 - Digital/04 - Práticas e projetos - VHDL/Project_Color_Identifier/main.vhd Line: 18
    Warning (15610): No output dependent on input pin "SW[4]" File: C:/Users/leofl_000/Documents/01 - Disciplinas específicas/02 - Digital/04 - Práticas e projetos - VHDL/Project_Color_Identifier/main.vhd Line: 18
    Warning (15610): No output dependent on input pin "SW[5]" File: C:/Users/leofl_000/Documents/01 - Disciplinas específicas/02 - Digital/04 - Práticas e projetos - VHDL/Project_Color_Identifier/main.vhd Line: 18
    Warning (15610): No output dependent on input pin "SW[6]" File: C:/Users/leofl_000/Documents/01 - Disciplinas específicas/02 - Digital/04 - Práticas e projetos - VHDL/Project_Color_Identifier/main.vhd Line: 18
    Warning (15610): No output dependent on input pin "SW[7]" File: C:/Users/leofl_000/Documents/01 - Disciplinas específicas/02 - Digital/04 - Práticas e projetos - VHDL/Project_Color_Identifier/main.vhd Line: 18
    Warning (15610): No output dependent on input pin "SW[8]" File: C:/Users/leofl_000/Documents/01 - Disciplinas específicas/02 - Digital/04 - Práticas e projetos - VHDL/Project_Color_Identifier/main.vhd Line: 18
    Warning (15610): No output dependent on input pin "SW[9]" File: C:/Users/leofl_000/Documents/01 - Disciplinas específicas/02 - Digital/04 - Práticas e projetos - VHDL/Project_Color_Identifier/main.vhd Line: 18
    Warning (15610): No output dependent on input pin "SW[10]" File: C:/Users/leofl_000/Documents/01 - Disciplinas específicas/02 - Digital/04 - Práticas e projetos - VHDL/Project_Color_Identifier/main.vhd Line: 18
    Warning (15610): No output dependent on input pin "SW[11]" File: C:/Users/leofl_000/Documents/01 - Disciplinas específicas/02 - Digital/04 - Práticas e projetos - VHDL/Project_Color_Identifier/main.vhd Line: 18
    Warning (15610): No output dependent on input pin "SW[12]" File: C:/Users/leofl_000/Documents/01 - Disciplinas específicas/02 - Digital/04 - Práticas e projetos - VHDL/Project_Color_Identifier/main.vhd Line: 18
    Warning (15610): No output dependent on input pin "SW[13]" File: C:/Users/leofl_000/Documents/01 - Disciplinas específicas/02 - Digital/04 - Práticas e projetos - VHDL/Project_Color_Identifier/main.vhd Line: 18
    Warning (15610): No output dependent on input pin "SW[14]" File: C:/Users/leofl_000/Documents/01 - Disciplinas específicas/02 - Digital/04 - Práticas e projetos - VHDL/Project_Color_Identifier/main.vhd Line: 18
    Warning (15610): No output dependent on input pin "SW[15]" File: C:/Users/leofl_000/Documents/01 - Disciplinas específicas/02 - Digital/04 - Práticas e projetos - VHDL/Project_Color_Identifier/main.vhd Line: 18
    Warning (15610): No output dependent on input pin "SW[16]" File: C:/Users/leofl_000/Documents/01 - Disciplinas específicas/02 - Digital/04 - Práticas e projetos - VHDL/Project_Color_Identifier/main.vhd Line: 18
    Warning (15610): No output dependent on input pin "SW[17]" File: C:/Users/leofl_000/Documents/01 - Disciplinas específicas/02 - Digital/04 - Práticas e projetos - VHDL/Project_Color_Identifier/main.vhd Line: 18
Info (21057): Implemented 423 device resources after synthesis - the final resource count might be different
    Info (21058): Implemented 23 input pins
    Info (21059): Implemented 45 output pins
    Info (21060): Implemented 36 bidirectional pins
    Info (21061): Implemented 319 logic cells
Info: Quartus Prime Analysis & Synthesis was successful. 0 errors, 119 warnings
    Info: Peak virtual memory: 646 megabytes
    Info: Processing ended: Mon Nov 20 15:15:31 2017
    Info: Elapsed time: 00:00:18
    Info: Total CPU time (on all processors): 00:00:39


